#
# A fatal error has been detected by the Java Runtime Environment:
#
#  EXCEPTION_ACCESS_VIOLATION (0xc0000005) at pc=0x00007fffaf08d4ed, pid=16104, tid=8264
#
# JRE version: OpenJDK Runtime Environment Corretto-22.0.2.9.1 (22.0.2+9) (build 22.0.2+9-FR)
# Java VM: OpenJDK 64-Bit Server VM Corretto-22.0.2.9.1 (22.0.2+9-FR, mixed mode, emulated-client, sharing, tiered, compressed oops, compressed class ptrs, g1 gc, windows-amd64)
# Problematic frame:
# V  [jvm.dll+0x36d4ed]
#
# No core dump will be written. Minidumps are not enabled by default on client versions of Windows
#
# If you would like to submit a bug report, please visit:
#   https://github.com/corretto/corretto-22/issues/
#

---------------  S U M M A R Y ------------

Command Line: -XX:TieredStopAtLevel=1 -Dspring.output.ansi.enabled=always -Dcom.sun.management.jmxremote -Dspring.jmx.enabled=true -Dspring.liveBeansView.mbeanDomain -Dspring.application.admin.enabled=true -Dmanagement.endpoints.jmx.exposure.include=* -javaagent:C:\Program Files\JetBrains\IntelliJ IDEA 2024.3\lib\idea_rt.jar=59479:C:\Program Files\JetBrains\IntelliJ IDEA 2024.3\bin -Dfile.encoding=UTF-8 -Dsun.stdout.encoding=UTF-8 -Dsun.stderr.encoding=UTF-8 tn.esprit.examen.SpeedyGo.SpeedyGo

Host: 13th Gen Intel(R) Core(TM) i5-1335U, 12 cores, 15G,  Windows 11 , 64 bit Build 26100 (10.0.26100.3323)
Time: Wed Mar 26 14:58:14 2025 Afr. centrale Ouest elapsed time: 9.790700 seconds (0d 0h 0m 9s)

---------------  T H R E A D  ---------------

Current thread (0x00000224c5b70a30):  WorkerThread "GC Thread#3"    [id=8264, stack(0x000000438ef00000,0x000000438f000000) (1024K)]

Stack: [0x000000438ef00000,0x000000438f000000],  sp=0x000000438efff520,  free space=1021k
Native frames: (J=compiled Java code, j=interpreted, Vv=VM code, C=native code)
V  [jvm.dll+0x36d4ed]  (no source info available)
V  [jvm.dll+0x36987e]  (no source info available)
V  [jvm.dll+0x3773dc]  (no source info available)
V  [jvm.dll+0x379159]  (no source info available)
V  [jvm.dll+0x37795a]  (no source info available)
V  [jvm.dll+0x378d97]  (no source info available)
V  [jvm.dll+0x3836a3]  (no source info available)
V  [jvm.dll+0x38398b]  (no source info available)
V  [jvm.dll+0x90ada4]  (no source info available)
V  [jvm.dll+0x883778]  (no source info available)
V  [jvm.dll+0x6f63c5]  (no source info available)
C  [ucrtbase.dll+0x37b0]  (no source info available)
C  [KERNEL32.DLL+0x2e8d7]  (no source info available)
C  [ntdll.dll+0xbbf6c]  (no source info available)


siginfo: EXCEPTION_ACCESS_VIOLATION (0xc0000005), reading address 0x0000000000000020


Registers:
RAX=0x0000000000000000, RBX=0x00000224c7027850, RCX=0x0000000000000000, RDX=0x00000224dfe76d11
RSP=0x000000438efff520, RBP=0x000000438efff5e9, RSI=0x00000224dfe35c50, RDI=0x0000000705424bbc
R8 =0x00000224ebec5126, R9 =0x00000224dfe76d11, R10=0x0000000000000020, R11=0x000000438efff4f0
R12=0x0000000000000000, R13=0x00000224c5955340, R14=0x000000000000026e, R15=0x0000000000000040
RIP=0x00007fffaf08d4ed, EFLAGS=0x0000000000010246


Register to memory mapping:

RAX=0x0 is null
RBX=0x00000224c7027850 points into unknown readable memory: 0x00007fffaf77fab8 | b8 fa 77 af ff 7f 00 00
RCX=0x0 is null
RDX=0x00000224dfe76d11 points into unknown readable memory: 00 00 00 00 00 00 00
RSP=0x000000438efff520 points into unknown readable memory: 0x00000224c7027850 | 50 78 02 c7 24 02 00 00
RBP=0x000000438efff5e9 points into unknown readable memory: 07 41 af ff 7f 00 00
RSI=0x00000224dfe35c50 points into unknown readable memory: 0x0000000000000000 | 00 00 00 00 00 00 00 00
RDI=0x0000000705424bbc is pointing into object: java.lang.Class 
{0x0000000705424b68} - klass: 'java/lang/Class'
 - ---- fields (total size 17 words):
 - private volatile transient 'classRedefinedCount' 'I' @12  0 (0x00000000)
 - injected 'klass' 'J' @16  2355808535600 (0x0000022481218430)
 - injected 'array_klass' 'J' @24  0 (0x0000000000000000)
 - injected 'oop_size' 'I' @32  17 (0x00000011)
 - injected 'static_oop_field_count' 'I' @36  1 (0x00000001)
 - private volatile transient 'cachedConstructor' 'Ljava/lang/reflect/Constructor;' @40  null (0x00000000)
 - private transient 'name' 'Ljava/lang/String;' @44  "com.fasterxml.jackson.core.JsonParser"{0x0000000705426080} (0xe0a84c10)
 - private transient 'module' 'Ljava/lang/Module;' @48  a 'java/lang/Module'{0x0000000704c44298} (0xe0988853)
 - private final 'classLoader' 'Ljava/lang/ClassLoader;' @52  a 'jdk/internal/loader/ClassLoaders$AppClassLoader'{0x0000000704c2b510} (0xe09856a2)
 - private transient 'classData' 'Ljava/lang/Object;' @56  null (0x00000000)
 - private transient 'packageName' 'Ljava/lang/String;' @60  "com.fasterxml.jackson.core"{0x00000007053799b0} (0xe0a6f336)
 - private final 'componentType' 'Ljava/lang/Class;' @64  null (0x00000000)
 - private volatile transient 'reflectionData' 'Ljava/lang/ref/SoftReference;' @68  null (0x00000000)
 - private volatile transient 'genericInfo' 'Lsun/reflect/generics/repository/ClassRepository;' @72  null (0x00000000)
 - private volatile transient 'enumConstants' '[Ljava/lang/Object;' @76  null (0x00000000)
 - private volatile transient 'enumConstantDirectory' 'Ljava/util/Map;' @80  null (0x00000000)
 - private volatile transient 'annotationData' 'Ljava/lang/Class$AnnotationData;' @84  
[error occurred during error reporting (printing register info), id 0xc0000005, EXCEPTION_ACCESS_VIOLATION (0xc0000005) at pc=0x00007fffaf4026bd]
R8 =0x00000224ebec5126 points into unknown readable memory: ff ff
R9 =0x00000224dfe76d11 points into unknown readable memory: 00 00 00 00 00 00 00
R10=0x0000000000000020 is an unknown value
R11=0x000000438efff4f0 points into unknown readable memory: 0x0000000000000040 | 40 00 00 00 00 00 00 00
R12=0x0 is null
R13=0x00000224c5955340 points into unknown readable memory: 0x0000000100000002 | 02 00 00 00 01 00 00 00
R14=0x000000000000026e is an unknown value
R15=0x0000000000000040 is an unknown value

Top of Stack: (sp=0x000000438efff520)
0x000000438efff520:   00000224c7027850 00000224dfe35c50
0x000000438efff530:   00000224c7027850 00000224dfe35c50
0x000000438efff540:   000002248000ff00 0000000705f79f50
0x000000438efff550:   00000224800067f8 00000007050c74f0
0x000000438efff560:   0000000000000002 00007fffaf08c37b
0x000000438efff570:   0000000000000001 000000438efff5e0
0x000000438efff580:   00000224c7027850 00000224ddaa0e70
0x000000438efff590:   00000224c77a44e8 00007fffaf41070f
0x000000438efff5a0:   000000438e000001 0000000000000010
0x000000438efff5b0:   0000fe010000ff00 00000224ddaa0e70
0x000000438efff5c0:   000000070542fe01 00007fffaf092dad
0x000000438efff5d0:   0000000705424f34 00007fffaf092dad
0x000000438efff5e0:   000000438efff820 00007fffaf41070f
0x000000438efff5f0:   000000438efff670 00007fffaf093cc6
0x000000438efff600:   0000000705425050 00007fffaf09ff00
0x000000438efff610:   0000000705424a00 00000000000000c0
0x000000438efff620:   0000000000000003 000000438efff820
0x000000438efff630:   0000000000000005 00000224c7027850
0x000000438efff640:   0000000705425060 00007fffaf08987e
0x000000438efff650:   000000438efff6d0 0000000705425000
0x000000438efff660:   0000000705000000 0000000000000040
0x000000438efff670:   0000000005d1e44e 0000000000000000
0x000000438efff680:   0000000000000003 000000438efff820
0x000000438efff690:   00000224dfe92930 00007fffaf0973dc
0x000000438efff6a0:   00000000000000c0 00000224dfe92930
0x000000438efff6b0:   000000438efff820 00007fffaf41070f
0x000000438efff6c0:   0000000705424a00 00000000000000c0
0x000000438efff6d0:   00007fffaf7810b8 0000000000000000
0x000000438efff6e0:   00000224dfe2d140 00000224c7027850
0x000000438efff6f0:   000000438efff870 00007fffaf41070f
0x000000438efff700:   0000000000000005 00000224c5163fa0
0x000000438efff710:   00000224ebec5140 00007fffaf099159 

Instructions: (pc=0x00007fffaf08d4ed)
0x00007fffaf08d3ed:   bb b0 01 00 00 48 8b 73 10 44 8b b6 80 00 00 00
0x00007fffaf08d3fd:   41 8b ce 8b 86 00 01 00 00 2b c8 81 e1 ff ff 01
0x00007fffaf08d40d:   00 41 3b cf 0f 86 0a 03 00 00 41 ff ce 41 81 e6
0x00007fffaf08d41d:   ff ff 01 00 44 89 b6 80 00 00 00 e8 13 aa 37 00
0x00007fffaf08d42d:   90 41 8b d6 48 8b 86 80 01 00 00 41 8b ce 4a 8b
0x00007fffaf08d43d:   3c f0 8b 86 00 01 00 00 2b c8 81 e1 ff ff 01 00
0x00007fffaf08d44d:   81 f9 ff ff 01 00 41 0f 44 cc 85 c9 75 3d 90 44
0x00007fffaf08d45d:   89 75 17 48 8b 86 00 01 00 00 48 8b c8 48 c1 e9
0x00007fffaf08d46d:   20 ff c1 89 4d 1b 44 3b f0 0f 85 94 02 00 00 48
0x00007fffaf08d47d:   c1 e1 20 48 0b ca f0 48 0f b1 8e 00 01 00 00 0f
0x00007fffaf08d48d:   85 7e 02 00 00 8b 86 00 01 00 00 40 f6 c7 01 0f
0x00007fffaf08d49d:   84 52 01 00 00 8b 0d 68 e0 8e 00 48 ff cf 48 8b
0x00007fffaf08d4ad:   53 08 44 8b 17 49 d3 e2 8b 8a c8 05 00 00 4c 03
0x00007fffaf08d4bd:   15 46 e0 8e 00 48 8b 92 b8 05 00 00 49 8b c2 48
0x00007fffaf08d4cd:   d3 e8 48 8d 0c 40 0f b7 04 0a 66 89 45 77 0f b6
0x00007fffaf08d4dd:   44 0a 02 88 45 79 44 38 65 78 0f 8c 05 ff ff ff
0x00007fffaf08d4ed:   4d 8b 02 41 0f b6 c0 24 03 3c 03 75 06 49 83 e0
0x00007fffaf08d4fd:   fc eb 24 0f b7 45 77 48 8d 55 b7 66 89 45 b7 4d
0x00007fffaf08d50d:   8b c8 0f b6 45 79 4d 8b c2 48 8b cb 88 45 b9 e8
0x00007fffaf08d51d:   8f e9 ff ff 4c 8b c0 8b 0d e6 df 8e 00 49 8b d0
0x00007fffaf08d52d:   48 2b 15 d4 df 8e 00 48 d3 ea 89 17 49 8b d0 8b
0x00007fffaf08d53d:   0d 0e a8 95 00 48 33 d7 48 d3 ea 48 85 d2 0f 84
0x00007fffaf08d54d:   a1 fe ff ff 48 8b 43 08 48 8b d7 8b 88 c8 05 00
0x00007fffaf08d55d:   00 4c 8b 88 b8 05 00 00 48 d3 ea 49 8d 04 51 48
0x00007fffaf08d56d:   03 d0 0f b7 02 66 89 45 c7 80 7d c8 fe 0f b6 42
0x00007fffaf08d57d:   02 88 45 c9 0f 84 6b fe ff ff 49 d3 e8 4b 8d 0c
0x00007fffaf08d58d:   41 42 0f b7 04 01 66 89 45 cb 42 0f b6 44 01 02
0x00007fffaf08d59d:   88 45 cd 44 38 65 cc 7c 3d 48 8b 43 58 8b 0d 78
0x00007fffaf08d5ad:   bb 94 00 48 d3 ef 48 03 78 30 48 8b 50 28 48 2b
0x00007fffaf08d5bd:   fa 48 39 bb b0 01 00 00 0f 84 27 fe ff ff 48 03
0x00007fffaf08d5cd:   d7 48 8d 4b 18 e8 49 46 00 00 48 ff 83 70 02 00
0x00007fffaf08d5dd:   00 e9 08 fe ff ff 42 0f b7 04 01 66 89 45 d7 41 


Stack slot to memory mapping:

stack at sp + 0 slots: 0x00000224c7027850 points into unknown readable memory: 0x00007fffaf77fab8 | b8 fa 77 af ff 7f 00 00
stack at sp + 1 slots: 0x00000224dfe35c50 points into unknown readable memory: 0x0000000000000000 | 00 00 00 00 00 00 00 00
stack at sp + 2 slots: 0x00000224c7027850 points into unknown readable memory: 0x00007fffaf77fab8 | b8 fa 77 af ff 7f 00 00
stack at sp + 3 slots: 0x00000224dfe35c50 points into unknown readable memory: 0x0000000000000000 | 00 00 00 00 00 00 00 00
stack at sp + 4 slots: 0x000002248000ff00 is pointing into metadata
stack at sp + 5 slots: 0x0000000705f79f50 is an oop: [Ljdk.internal.vm.FillerElement; 
{0x0000000705f79f50} - klass: {type array int}
 - length: 18
 -   0: 0x22c0 8896
 -   1: 0x34 52
 -   2: 0x67726f4c 1735552844
 -   3: 0x7270732f 1919972143
 -   4: 0x66676e69 1718054505
 -   5: 0x656d6172 1701667186
 -   6: 0x6b726f77 1802661751
 -   7: 0x6e6f632f 1852793647
 -   8: 0x74786574 1954047348
 -   9: 0x6e6e612f 1852727599
 -  10: 0x7461746f 1952543855
 -  11: 0x2f6e6f69 795766633
 -  12: 0x646e6f43 1684959043
 -  13: 0x6f697469 1869182057
 -  14: 0x3b6c616e 996958574
 -  15: 0x0 0
 -  16: 0x1 1
 -  17: 0x0 0
stack at sp + 6 slots: 0x00000224800067f8 is a pointer to class: 
java.lang.Class {0x0000022480006800}
 - instance size:     14
 - klass size:        95
 - access:            public final synchronized 
 - flags:             rewritten has_nonstatic_fields has_nonstatic_concrete_methods is_shared_boot_class has_localvariable_table has_resolved_methods 
 - state:             fully_initialized
 - name:              'java/lang/Class'
 - super:             'java/lang/Object'
 - sub:               
 - arrays:            'java/lang/Class'[]
 - methods:           Array<T>(0x00000224805e11e0)
 - method ordering:   Array<T>(0x00000224805e1780)
 - default_methods:   Array<T>(0x0000000000000000)
 - local interfaces:  Array<T>(0x00000224805e1748)
 - trans. interfaces: Array<T>(0x00000224805ddab0)
 - constants:         constant pool [1729]/operands[49] {0x00000224805ddb18} for 'java/lang/Class' cache=0x000002248042ec50
 - class loader data:  loader data: 0x00000224f0699ce0 of 'bootstrap'
 - source file:       'Class.java'
 - class annotations:       Array<T>(0x0000000000000000)
 - class type annotations:  Array<T>(0x0000000000000000)
 - field annotations:       Array<T>(0x0000022480bdce00)
 - field type annotations:  Array<T>(0x0000000000000000)
 - generic signature: '<T:Ljava/lang/Object;>Ljava/lang/Object;Ljava/io/Serializable;Ljava/lang/reflect/GenericDeclaration;Ljava/lang/reflect/Type;Ljava/lang/reflect/AnnotatedElement;Ljava/lang/invoke/TypeDescriptor$OfField<Ljava/lang/Class<*>;>;Ljava/lang/constant/Constable;'
 - inner classes:     Array<T>(0x00000224805e1160)
 - nest members:     Array<T>(0x00000224805e1b30)
 - permitted subclasses:     Array<T>(0x00000224805d5e50)
 - java mirror:       a 'java/lang/Class'{0x0000000704c59580} = 'java/lang/Class'
 - vtable length      5  (start addr: 0x00000224800069c0)
 - itable length      32 (start addr: 0x00000224800069e8)
 - ---- static fields (5 words):
 - private static final 'ANNOTATION' 'I' @136 
 - private static final 'ENUM' 'I' @140 
 - private static final 'SYNTHETIC' 'I' @144 
 - private static 'allPermDomain' 'Ljava/security/ProtectionDomain;' @112 
 - private static final 'EMPTY_CLASS_ARRAY' '[Ljava/lang/Class;' @116 
 - private static final 'serialVersionUID' 'J' @128 
 - private static final 'serialPersistentFields' '[Ljava/io/ObjectStreamField;' @120 
 - private static 'reflectionFactory' 'Ljdk/internal/reflect/ReflectionFactory;' @124 
 - ---- non-static fields (24 words):
 - private volatile transient 'classRedefinedCount' 'I' @12 
 - injected 'klass' 'J' @16 
 - injected 'array_klass' 'J' @24 
 - injected 'oop_size' 'I' @32 
 - injected 'static_oop_field_count' 'I' @36 
 - private volatile transient 'cachedConstructor' 'Ljava/lang/reflect/Constructor;' @40 
 - private transient 'name' 'Ljava/lang/String;' @44 
 - private transient 'module' 'Ljava/lang/Module;' @48 
 - private final 'classLoader' 'Ljava/lang/ClassLoader;' @52 
 - private transient 'classData' 'Ljava/lang/Object;' @56 
 - private transient 'packageName' 'Ljava/lang/String;' @60 
 - private final 'componentType' 'Ljava/lang/Class;' @64 
 - private volatile transient 'reflectionData' 'Ljava/lang/ref/SoftReference;' @68 
 - private volatile transient 'genericInfo' 'Lsun/reflect/generics/repository/ClassRepository;' @72 
 - private volatile transient 'enumConstants' '[Ljava/lang/Object;' @76 
 - private volatile transient 'enumConstantDirectory' 'Ljava/util/Map;' @80 
 - private volatile transient 'annotationData' 'Ljava/lang/Class$AnnotationData;' @84 
 - private volatile transient 'annotationType' 'Lsun/reflect/annotation/AnnotationType;' @88 
 - transient 'classValueMap' 'Ljava/lang/ClassValue$ClassValueMap;' @92 
 - injected 'protection_domain' 'Ljava/lang/Object;' @96 
 - injected 'signers_name' 'Ljava/lang/Object;' @100 
 - injected 'source_file' 'Ljava/lang/Object;' @104 
 - non-static oop maps: 40-104 
stack at sp + 7 slots: 0x00000007050c74f0 is an oop: java.lang.Class 
{0x00000007050c74f0} - klass: 'java/lang/Class'
 - ---- fields (total size 17 words):
 - private volatile transient 'classRedefinedCount' 'I' @12  0 (0x00000000)
 - injected 'klass' 'J' @16  2355806718368 (0x000002248105c9a0)
 - injected 'array_klass' 'J' @24  0 (0x0000000000000000)
 - injected 'oop_size' 'I' @32  17 (0x00000011)
 - injected 'static_oop_field_count' 'I' @36  2 (0x00000002)
 - private volatile transient 'cachedConstructor' 'Ljava/lang/reflect/Constructor;' @40  null (0x00000000)
 - private transient 'name' 'Ljava/lang/String;' @44  null (0x00000000)
 - private transient 'module' 'Ljava/lang/Module;' @48  a 'java/lang/Module'{0x0000000704c509c0} (0xe098a138)
 - private final 'classLoader' 'Ljava/lang/ClassLoader;' @52  null (0x00000000)
 - private transient 'classData' 'Ljava/lang/Object;' @56  null (0x00000000)
 - private transient 'packageName' 'Ljava/lang/String;' @60  null (0x00000000)
 - private final 'componentType' 'Ljava/lang/Class;' @64  null (0x00000000)
 - private volatile transient 'reflectionData' 'Ljava/lang/ref/SoftReference;' @68  a 'java/lang/ref/SoftReference'{0x0000000705195640} (0xe0a32ac8)
 - private volatile transient 'genericInfo' 'Lsun/reflect/generics/repository/ClassRepository;' @72  null (0x00000000)
 - private volatile transient 'enumConstants' '[Ljava/lang/Object;' @76  null (0x00000000)
 - private volatile transient 'enumConstantDirectory' 'Ljava/util/Map;' @80  null (0x00000000)
 - private volatile transient 'annotationData' 'Ljava/lang/Class$AnnotationData;' @84  null (0x00000000)
 - private volatile transient 'annotationType' 'Lsun/reflect/annotation/AnnotationType;' @88  null (0x00000000)
 - transient 'classValueMap' 'Ljava/lang/ClassValue$ClassValueMap;' @92  null (0x00000000)
 - injected 'protection_domain' 'Ljava/lang/Object;' @96  null (0x00000000)
 - injected 'signers_name' 'Ljava/lang/Object;' @100  null (0x00000000)
 - injected 'source_file' 'Ljava/lang/Object;' @104  null (0x00000000)
 - signature: Ljava/lang/Thread$ThreadNumbering;
 - ---- static fields (2):
 - private static final 'U' 'Ljdk/internal/misc/Unsafe;' @112  a 'jdk/internal/misc/Unsafe'{0x0000000704c34cb8} (0xe0986997)
 - private static final 'NEXT_BASE' 'Ljava/lang/Object;' @116  a 'java/lang/Class'{0x00000007050c74f0} = 'java/lang/Thread$ThreadNumbering' (0xe0a18e9e)
 - private static final 'NEXT_OFFSET' 'J' @120  128 (0x0000000000000080)
 - private static volatile 'next' 'I' @128  1 (0x00000001)


---------------  P R O C E S S  ---------------

Threads class SMR info:
_java_thread_list=0x00000224c701bbe0, length=19, elements={
0x00000224ddc8f840, 0x00000224f0808270, 0x00000224f080ade0, 0x00000224f080b840,
0x00000224f080c2a0, 0x00000224f080cd00, 0x00000224c5151090, 0x00000224c5151af0,
0x00000224c51ef8f0, 0x00000224c5697580, 0x00000224c554e3d0, 0x00000224c57ac160,
0x00000224c58534e0, 0x00000224c58553e0, 0x00000224c58ce3f0, 0x00000224c59606f0,
0x00000224c59a8170, 0x00000224c59889d0, 0x00000224c5b3c160
}

Java Threads: ( => current thread )
  0x00000224ddc8f840 JavaThread "main"                              [_thread_blocked, id=5392, stack(0x000000438d200000,0x000000438d300000) (1024K)]
  0x00000224f0808270 JavaThread "Reference Handler"          daemon [_thread_blocked, id=6868, stack(0x000000438da00000,0x000000438db00000) (1024K)]
  0x00000224f080ade0 JavaThread "Finalizer"                  daemon [_thread_blocked, id=17212, stack(0x000000438db00000,0x000000438dc00000) (1024K)]
  0x00000224f080b840 JavaThread "Signal Dispatcher"          daemon [_thread_blocked, id=22144, stack(0x000000438dc00000,0x000000438dd00000) (1024K)]
  0x00000224f080c2a0 JavaThread "Attach Listener"            daemon [_thread_blocked, id=1264, stack(0x000000438dd00000,0x000000438de00000) (1024K)]
  0x00000224f080cd00 JavaThread "Service Thread"             daemon [_thread_blocked, id=8756, stack(0x000000438de00000,0x000000438df00000) (1024K)]
  0x00000224c5151090 JavaThread "Monitor Deflation Thread"   daemon [_thread_blocked, id=24244, stack(0x000000438df00000,0x000000438e000000) (1024K)]
  0x00000224c5151af0 JavaThread "C1 CompilerThread0"         daemon [_thread_blocked, id=4364, stack(0x000000438e000000,0x000000438e100000) (1024K)]
  0x00000224c51ef8f0 JavaThread "Common-Cleaner"             daemon [_thread_blocked, id=412, stack(0x000000438e100000,0x000000438e200000) (1024K)]
  0x00000224c5697580 JavaThread "Monitor Ctrl-Break"         daemon [_thread_in_native, id=21684, stack(0x000000438e200000,0x000000438e300000) (1024K)]
  0x00000224c554e3d0 JavaThread "Notification Thread"        daemon [_thread_blocked, id=22584, stack(0x000000438e300000,0x000000438e400000) (1024K)]
  0x00000224c57ac160 JavaThread "C1 CompilerThread1"         daemon [_thread_blocked, id=22556, stack(0x000000438e400000,0x000000438e500000) (1024K)]
  0x00000224c58534e0 JavaThread "C1 CompilerThread2"         daemon [_thread_blocked, id=5304, stack(0x000000438e500000,0x000000438e600000) (1024K)]
  0x00000224c58553e0 JavaThread "C1 CompilerThread3"         daemon [_thread_blocked, id=2824, stack(0x000000438e600000,0x000000438e700000) (1024K)]
  0x00000224c58ce3f0 JavaThread "RMI TCP Accept-0"           daemon [_thread_in_native, id=21876, stack(0x000000438e700000,0x000000438e800000) (1024K)]
  0x00000224c59606f0 JavaThread "RMI TCP Connection(1)-192.168.1.17" daemon [_thread_in_native, id=1588, stack(0x000000438e800000,0x000000438e900000) (1024K)]
  0x00000224c59a8170 JavaThread "RMI TCP Connection(2)-192.168.1.17" daemon [_thread_in_native, id=20940, stack(0x000000438e900000,0x000000438ea00000) (1024K)]
  0x00000224c59889d0 JavaThread "RMI Scheduler(0)"           daemon [_thread_blocked, id=16592, stack(0x000000438eb00000,0x000000438ec00000) (1024K)]
  0x00000224c5b3c160 JavaThread "JMX server connection timeout 28" daemon [_thread_blocked, id=2772, stack(0x000000438ec00000,0x000000438ed00000) (1024K)]
Total: 19

Other Threads:
  0x00000224f07eab90 VMThread "VM Thread"                           [id=12284, stack(0x000000438d900000,0x000000438da00000) (1024K)]
  0x00000224f07d16a0 WatcherThread "VM Periodic Task Thread"        [id=18492, stack(0x000000438d800000,0x000000438d900000) (1024K)]
  0x00000224dfe82da0 WorkerThread "GC Thread#0"                     [id=12268, stack(0x000000438d300000,0x000000438d400000) (1024K)]
  0x00000224c5b6fec0 WorkerThread "GC Thread#1"                     [id=3176, stack(0x000000438ed00000,0x000000438ee00000) (1024K)]
  0x00000224c5b70680 WorkerThread "GC Thread#2"                     [id=20372, stack(0x000000438ee00000,0x000000438ef00000) (1024K)]
=>0x00000224c5b70a30 WorkerThread "GC Thread#3"                     [id=8264, stack(0x000000438ef00000,0x000000438f000000) (1024K)]
  0x00000224c5b70de0 WorkerThread "GC Thread#4"                     [id=14672, stack(0x000000438f000000,0x000000438f100000) (1024K)]
  0x00000224c5b71190 WorkerThread "GC Thread#5"                     [id=19240, stack(0x000000438f100000,0x000000438f200000) (1024K)]
  0x00000224c5b926a0 WorkerThread "GC Thread#6"                     [id=16800, stack(0x000000438f200000,0x000000438f300000) (1024K)]
  0x00000224c5babbe0 WorkerThread "GC Thread#7"                     [id=19612, stack(0x000000438f300000,0x000000438f400000) (1024K)]
  0x00000224c5bb03b0 WorkerThread "GC Thread#8"                     [id=13524, stack(0x000000438f400000,0x000000438f500000) (1024K)]
  0x00000224c6573d10 WorkerThread "GC Thread#9"                     [id=1040, stack(0x000000438f500000,0x000000438f600000) (1024K)]
  0x00000224dfe91840 ConcurrentGCThread "G1 Main Marker"            [id=7356, stack(0x000000438d400000,0x000000438d500000) (1024K)]
  0x00000224f0653410 WorkerThread "G1 Conc#0"                       [id=21060, stack(0x000000438d500000,0x000000438d600000) (1024K)]
  0x00000224c6574820 WorkerThread "G1 Conc#1"                       [id=14612, stack(0x000000438ea00000,0x000000438eb00000) (1024K)]
  0x00000224c65735b0 WorkerThread "G1 Conc#2"                       [id=21948, stack(0x000000438f600000,0x000000438f700000) (1024K)]
  0x00000224f069d400 ConcurrentGCThread "G1 Refine#0"               [id=23776, stack(0x000000438d600000,0x000000438d700000) (1024K)]
  0x00000224f069fc40 ConcurrentGCThread "G1 Service"                [id=5728, stack(0x000000438d700000,0x000000438d800000) (1024K)]
Total: 18

Threads with active compile tasks:
Total: 0

VM state: at safepoint (normal execution)

VM Mutex/Monitor currently owned by a thread:  ([mutex/lock_event])
[0x00007fffafa0ff10] Threads_lock - owner thread: 0x00000224f07eab90
[0x00007fffafa10010] Heap_lock - owner thread: 0x00000224ddc8f840

Heap address: 0x0000000704a00000, size: 4022 MB, Compressed Oops mode: Zero based, Oop shift amount: 3

CDS archive(s) mapped at: [0x0000022480000000-0x0000022480c60000-0x0000022480c60000), size 12976128, SharedBaseAddress: 0x0000022480000000, ArchiveRelocationMode: 1.
Compressed class space mapped at: 0x0000022481000000-0x00000224c1000000, reserved size: 1073741824
Narrow klass base: 0x0000022480000000, Narrow klass shift: 0, Narrow klass range: 0x41000000

GC Precious Log:
 CardTable entry size: 512
 Card Set container configuration: InlinePtr #cards 4 size 8 Array Of Cards #cards 16 size 48 Howl #buckets 8 coarsen threshold 3686 Howl Bitmap #cards 512 size 80 coarsen threshold 460 Card regions per heap region 1 cards per card region 4096
 CPUs: 12 total, 12 available
 Memory: 16087M
 Large Page Support: Disabled
 NUMA Support: Disabled
 Compressed Oops: Enabled (Zero based)
 Heap Region Size: 2M
 Heap Min Capacity: 8M
 Heap Initial Capacity: 252M
 Heap Max Capacity: 4022M
 Pre-touch: Disabled
 Parallel Workers: 10
 Concurrent Workers: 3
 Concurrent Refinement Workers: 10
 Periodic GC: Disabled

Heap:
 garbage-first heap   total reserved 4118528K, committed 49152K, used 38415K [0x0000000704a00000, 0x0000000800000000)
  region size 2048K, 13 young (26624K), 2 survivors (4096K)
 Metaspace       used 26954K, committed 27456K, reserved 1114112K
  class space    used 3704K, committed 3904K, reserved 1048576K

Heap Regions: E=young(eden), S=young(survivor), O=old, HS=humongous(starts), HC=humongous(continues), CS=collection set, F=free, TAMS=top-at-mark-start, PB=parsable bottom
|   0|0x0000000704a00000, 0x0000000704c00000, 0x0000000704c00000|100%| O|  |TAMS 0x0000000704a00000| PB 0x0000000704a00000| Untracked |  0
|   1|0x0000000704c00000, 0x0000000704e00000, 0x0000000704e00000|100%| O|  |TAMS 0x0000000704c00000| PB 0x0000000704c00000| Untracked |  0
|   2|0x0000000704e00000, 0x0000000705000000, 0x0000000705000000|100%| O|  |TAMS 0x0000000704e00000| PB 0x0000000704e00000| Untracked |  0
|   3|0x0000000705000000, 0x00000007051cf680, 0x0000000705200000| 90%| O|  |TAMS 0x0000000705000000| PB 0x0000000705000000| Untracked |  0
|   4|0x0000000705200000, 0x0000000705400000, 0x0000000705400000|100%| O|  |TAMS 0x0000000705200000| PB 0x0000000705200000| Untracked |  0
|   5|0x0000000705400000, 0x0000000705600000, 0x0000000705600000|100%| O|  |TAMS 0x0000000705400000| PB 0x0000000705400000| Untracked |  0
|   6|0x0000000705600000, 0x0000000705800000, 0x0000000705800000|100%| O|  |TAMS 0x0000000705600000| PB 0x0000000705600000| Untracked |  0
|   7|0x0000000705800000, 0x0000000705800000, 0x0000000705a00000|  0%| F|  |TAMS 0x0000000705800000| PB 0x0000000705800000| Untracked |  0
|   8|0x0000000705a00000, 0x0000000705a00000, 0x0000000705c00000|  0%| F|  |TAMS 0x0000000705a00000| PB 0x0000000705a00000| Untracked |  0
|   9|0x0000000705c00000, 0x0000000705d79fa8, 0x0000000705e00000| 73%| S|  |TAMS 0x0000000705c00000| PB 0x0000000705c00000| Complete |  0
|  10|0x0000000705e00000, 0x0000000706000000, 0x0000000706000000|100%| S|  |TAMS 0x0000000705e00000| PB 0x0000000705e00000| Complete |  0
|  11|0x0000000706000000, 0x0000000706200000, 0x0000000706200000|100%| E|CS|TAMS 0x0000000706000000| PB 0x0000000706000000| Complete |  0
|  12|0x0000000706200000, 0x0000000706383ea0, 0x0000000706400000| 75%| E|CS|TAMS 0x0000000706200000| PB 0x0000000706200000| Complete |  0
|  13|0x0000000706400000, 0x0000000706600000, 0x0000000706600000|100%| E|CS|TAMS 0x0000000706400000| PB 0x0000000706400000| Complete |  0
|  14|0x0000000706600000, 0x0000000706800000, 0x0000000706800000|100%| E|CS|TAMS 0x0000000706600000| PB 0x0000000706600000| Complete |  0
|  15|0x0000000706800000, 0x0000000706a00000, 0x0000000706a00000|100%| E|CS|TAMS 0x0000000706800000| PB 0x0000000706800000| Complete |  0
|  16|0x0000000706a00000, 0x0000000706c00000, 0x0000000706c00000|100%| E|CS|TAMS 0x0000000706a00000| PB 0x0000000706a00000| Complete |  0
|  17|0x0000000706c00000, 0x0000000706e00000, 0x0000000706e00000|100%| E|CS|TAMS 0x0000000706c00000| PB 0x0000000706c00000| Complete |  0
|  18|0x0000000706e00000, 0x0000000707000000, 0x0000000707000000|100%| E|CS|TAMS 0x0000000706e00000| PB 0x0000000706e00000| Complete |  0
|  19|0x0000000707000000, 0x0000000707200000, 0x0000000707200000|100%| E|CS|TAMS 0x0000000707000000| PB 0x0000000707000000| Complete |  0
| 109|0x0000000712400000, 0x0000000712600000, 0x0000000712600000|100%| E|CS|TAMS 0x0000000712400000| PB 0x0000000712400000| Complete |  0
| 110|0x0000000712600000, 0x0000000712800000, 0x0000000712800000|100%| E|CS|TAMS 0x0000000712600000| PB 0x0000000712600000| Complete |  0
| 111|0x0000000712800000, 0x0000000712a00000, 0x0000000712a00000|100%| E|CS|TAMS 0x0000000712800000| PB 0x0000000712800000| Complete |  0
| 125|0x0000000714400000, 0x0000000714600000, 0x0000000714600000|100%| E|CS|TAMS 0x0000000714400000| PB 0x0000000714400000| Complete |  0

Card table byte_map: [0x00000224ebec0000,0x00000224ec6a0000] _byte_map_base: 0x00000224e869b000

Marking Bits: (CMBitMap*) 0x00000224dfe833c0
 Bits: [0x00000224ec6a0000, 0x00000224f0578000)

Polling page: 0x00000224ddd70000

Metaspace:

Usage:
  Non-class:     22.70 MB used.
      Class:      3.62 MB used.
       Both:     26.32 MB used.

Virtual space:
  Non-class space:       64.00 MB reserved,      23.00 MB ( 36%) committed,  1 nodes.
      Class space:        1.00 GB reserved,       3.81 MB ( <1%) committed,  1 nodes.
             Both:        1.06 GB reserved,      26.81 MB (  2%) committed. 

Chunk freelists:
   Non-Class:  8.42 MB
       Class:  12.19 MB
        Both:  20.61 MB

MaxMetaspaceSize: unlimited
CompressedClassSpaceSize: 1.00 GB
Initial GC threshold: 21.00 MB
Current GC threshold: 33.12 MB
CDS: on
 - commit_granule_bytes: 65536.
 - commit_granule_words: 8192.
 - virtual_space_node_default_size: 8388608.
 - enlarge_chunks_in_place: 1.
 - use_allocation_guard: 0.


Internal statistics:

num_allocs_failed_limit: 0.
num_arena_births: 612.
num_arena_deaths: 12.
num_vsnodes_births: 2.
num_vsnodes_deaths: 0.
num_space_committed: 429.
num_space_uncommitted: 0.
num_chunks_returned_to_freelist: 18.
num_chunks_taken_from_freelist: 1472.
num_chunk_merges: 0.
num_chunk_splits: 997.
num_chunks_enlarged: 691.
num_inconsistent_stats: 0.

CodeCache: size=49152Kb used=9377Kb max_used=9377Kb free=39774Kb
 bounds [0x00000224e83a0000, 0x00000224e8cd0000, 0x00000224eb3a0000]
 total_blobs=4656 nmethods=4104 adapters=473
 compilation: enabled
              stopped_count=0, restarted_count=0
 full_count=0

Compilation events (20 events):
Event: 9.748 Thread 0x00000224c58553e0 nmethod 4094 0x00000224e8cbfc10 code [0x00000224e8cbfdc0, 0x00000224e8cbffc8]
Event: 9.748 Thread 0x00000224c57ac160 nmethod 4096 0x00000224e8cc0110 code [0x00000224e8cc02e0, 0x00000224e8cc0728]
Event: 9.748 Thread 0x00000224c57ac160 4097       1       org.springframework.core.annotation.AnnotationTypeMapping$MirrorSets::updateFrom (148 bytes)
Event: 9.748 Thread 0x00000224c58553e0 4098       1       java.util.HashSet::clear (8 bytes)
Event: 9.748 Thread 0x00000224c58553e0 nmethod 4098 0x00000224e8cc0990 code [0x00000224e8cc0b20, 0x00000224e8cc0c18]
Event: 9.748 Thread 0x00000224c58534e0 nmethod 4093 0x00000224e8cc0c90 code [0x00000224e8cc0f20, 0x00000224e8cc1618]
Event: 9.748 Thread 0x00000224c58553e0 4103       1       org.springframework.core.annotation.AnnotationTypeMapping::resolveAliasedForTargets (89 bytes)
Event: 9.748 Thread 0x00000224c58534e0 4104       1       org.springframework.core.annotation.AnnotationTypeMapping::processAliases (70 bytes)
Event: 9.748 Thread 0x00000224c5151af0 nmethod 4095 0x00000224e8cc1d10 code [0x00000224e8cc1f40, 0x00000224e8cc2880]
Event: 9.748 Thread 0x00000224c5151af0 4099   !   1       org.springframework.core.annotation.AnnotationTypeMappings::addIfPossible (68 bytes)
Event: 9.748 Thread 0x00000224c58553e0 nmethod 4103 0x00000224e8cc2e10 code [0x00000224e8cc3000, 0x00000224e8cc3448]
Event: 9.748 Thread 0x00000224c58534e0 nmethod 4104 0x00000224e8cc3690 code [0x00000224e8cc3880, 0x00000224e8cc3d08]
Event: 9.748 Thread 0x00000224c58553e0 4100       1       org.springframework.core.annotation.AnnotationTypeMapping::<init> (191 bytes)
Event: 9.748 Thread 0x00000224c58534e0 4101       1       org.springframework.core.annotation.AnnotationTypeMapping::merge (46 bytes)
Event: 9.749 Thread 0x00000224c57ac160 nmethod 4097 0x00000224e8cc4010 code [0x00000224e8cc42e0, 0x00000224e8cc4e78]
Event: 9.749 Thread 0x00000224c57ac160 4102       1       org.springframework.core.annotation.AnnotationTypeMapping$MirrorSets::<init> (31 bytes)
Event: 9.749 Thread 0x00000224c58534e0 nmethod 4101 0x00000224e8cc5410 code [0x00000224e8cc5600, 0x00000224e8cc5a48]
Event: 9.750 Thread 0x00000224c58553e0 nmethod 4100 0x00000224e8cc5c90 code [0x00000224e8cc5f00, 0x00000224e8cc6d78]
Event: 9.750 Thread 0x00000224c57ac160 nmethod 4102 0x00000224e8cc7190 code [0x00000224e8cc7340, 0x00000224e8cc75f8]
Event: 9.751 Thread 0x00000224c5151af0 nmethod 4099 0x00000224e8cc7710 code [0x00000224e8cc79a0, 0x00000224e8cc8148]

GC Heap History (11 events):
Event: 6.607 GC heap before
{Heap before GC invocations=0 (full 0):
 garbage-first heap   total reserved 4118528K, committed 258048K, used 22528K [0x0000000704a00000, 0x0000000800000000)
  region size 2048K, 12 young (24576K), 0 survivors (0K)
 Metaspace       used 6507K, committed 6784K, reserved 1114112K
  class space    used 797K, committed 960K, reserved 1048576K
}
Event: 6.616 GC heap after
{Heap after GC invocations=1 (full 0):
 garbage-first heap   total reserved 4118528K, committed 258048K, used 6317K [0x0000000704a00000, 0x0000000800000000)
  region size 2048K, 2 young (4096K), 2 survivors (4096K)
 Metaspace       used 6507K, committed 6784K, reserved 1114112K
  class space    used 797K, committed 960K, reserved 1048576K
}
Event: 7.357 GC heap before
{Heap before GC invocations=1 (full 0):
 garbage-first heap   total reserved 4118528K, committed 258048K, used 39085K [0x0000000704a00000, 0x0000000800000000)
  region size 2048K, 18 young (36864K), 2 survivors (4096K)
 Metaspace       used 14743K, committed 15168K, reserved 1114112K
  class space    used 1986K, committed 2176K, reserved 1048576K
}
Event: 7.363 GC heap after
{Heap after GC invocations=2 (full 0):
 garbage-first heap   total reserved 4118528K, committed 258048K, used 9420K [0x0000000704a00000, 0x0000000800000000)
  region size 2048K, 2 young (4096K), 2 survivors (4096K)
 Metaspace       used 14743K, committed 15168K, reserved 1114112K
  class space    used 1986K, committed 2176K, reserved 1048576K
}
Event: 7.794 GC heap before
{Heap before GC invocations=2 (full 0):
 garbage-first heap   total reserved 4118528K, committed 258048K, used 33996K [0x0000000704a00000, 0x0000000800000000)
  region size 2048K, 16 young (32768K), 2 survivors (4096K)
 Metaspace       used 19945K, committed 20352K, reserved 1114112K
  class space    used 2694K, committed 2880K, reserved 1048576K
}
Event: 7.799 GC heap after
{Heap after GC invocations=3 (full 0):
 garbage-first heap   total reserved 4118528K, committed 258048K, used 12074K [0x0000000704a00000, 0x0000000800000000)
  region size 2048K, 3 young (6144K), 3 survivors (6144K)
 Metaspace       used 19945K, committed 20352K, reserved 1114112K
  class space    used 2694K, committed 2880K, reserved 1048576K
}
Event: 8.356 GC heap before
{Heap before GC invocations=4 (full 0):
 garbage-first heap   total reserved 4118528K, committed 49152K, used 32554K [0x0000000704a00000, 0x0000000800000000)
  region size 2048K, 14 young (28672K), 3 survivors (6144K)
 Metaspace       used 21571K, committed 21952K, reserved 1114112K
  class space    used 2929K, committed 3072K, reserved 1048576K
}
Event: 8.366 GC heap after
{Heap after GC invocations=5 (full 0):
 garbage-first heap   total reserved 4118528K, committed 49152K, used 14377K [0x0000000704a00000, 0x0000000800000000)
  region size 2048K, 2 young (4096K), 2 survivors (4096K)
 Metaspace       used 21571K, committed 21952K, reserved 1114112K
  class space    used 2929K, committed 3072K, reserved 1048576K
}
Event: 9.016 GC heap before
{Heap before GC invocations=5 (full 0):
 garbage-first heap   total reserved 4118528K, committed 49152K, used 32809K [0x0000000704a00000, 0x0000000800000000)
  region size 2048K, 12 young (24576K), 2 survivors (4096K)
 Metaspace       used 23831K, committed 24256K, reserved 1114112K
  class space    used 3232K, committed 3392K, reserved 1048576K
}
Event: 9.020 GC heap after
{Heap after GC invocations=6 (full 0):
 garbage-first heap   total reserved 4118528K, committed 49152K, used 15887K [0x0000000704a00000, 0x0000000800000000)
  region size 2048K, 2 young (4096K), 2 survivors (4096K)
 Metaspace       used 23831K, committed 24256K, reserved 1114112K
  class space    used 3232K, committed 3392K, reserved 1048576K
}
Event: 9.755 GC heap before
{Heap before GC invocations=6 (full 0):
 garbage-first heap   total reserved 4118528K, committed 49152K, used 38415K [0x0000000704a00000, 0x0000000800000000)
  region size 2048K, 13 young (26624K), 2 survivors (4096K)
 Metaspace       used 26954K, committed 27456K, reserved 1114112K
  class space    used 3704K, committed 3904K, reserved 1048576K
}

Dll operation events (12 events):
Event: 0.020 Loaded shared library C:\Users\user\.jdks\corretto-22.0.2\bin\java.dll
Event: 0.193 Loaded shared library C:\Users\user\.jdks\corretto-22.0.2\bin\zip.dll
Event: 0.200 Loaded shared library C:\Users\user\.jdks\corretto-22.0.2\bin\instrument.dll
Event: 0.207 Loaded shared library C:\Users\user\.jdks\corretto-22.0.2\bin\net.dll
Event: 0.209 Loaded shared library C:\Users\user\.jdks\corretto-22.0.2\bin\nio.dll
Event: 0.268 Loaded shared library C:\Users\user\.jdks\corretto-22.0.2\bin\zip.dll
Event: 0.324 Loaded shared library C:\Users\user\.jdks\corretto-22.0.2\bin\jimage.dll
Event: 6.121 Loaded shared library C:\Program Files\JetBrains\IntelliJ IDEA 2024.3\bin\breakgen64.dll
Event: 6.132 Loaded shared library C:\Users\user\.jdks\corretto-22.0.2\bin\management.dll
Event: 6.133 Loaded shared library C:\Users\user\.jdks\corretto-22.0.2\bin\extnet.dll
Event: 6.155 Loaded shared library C:\Users\user\.jdks\corretto-22.0.2\bin\management_ext.dll
Event: 7.694 Loaded shared library C:\Users\user\.jdks\corretto-22.0.2\bin\sunmscapi.dll

Deoptimization events (2 events):
Event: 9.436 Thread 0x00000224ddc8f840 DEOPT PACKING pc=0x00000224e8bc8fec sp=0x000000438d2fe0c0
Event: 9.436 Thread 0x00000224ddc8f840 DEOPT UNPACKING pc=0x00000224e83f4e42 sp=0x000000438d2fd578 mode 0

Classes loaded (20 events):
Event: 9.639 Loading class java/security/AsymmetricKey
Event: 9.639 Loading class java/security/Key
Event: 9.639 Loading class java/security/Key done
Event: 9.639 Loading class java/security/AsymmetricKey done
Event: 9.639 Loading class java/security/PublicKey done
Event: 9.639 Loading class java/security/interfaces/RSAKey
Event: 9.639 Loading class java/security/interfaces/RSAKey done
Event: 9.639 Loading class java/security/interfaces/RSAPublicKey done
Event: 9.640 Loading class java/security/interfaces/RSAPrivateKey
Event: 9.640 Loading class java/security/PrivateKey
Event: 9.640 Loading class javax/security/auth/Destroyable
Event: 9.640 Loading class javax/security/auth/Destroyable done
Event: 9.640 Loading class java/security/PrivateKey done
Event: 9.640 Loading class java/security/interfaces/RSAPrivateKey done
Event: 9.655 Loading class javax/naming/NameNotFoundException
Event: 9.655 Loading class javax/naming/NameNotFoundException done
Event: 9.694 Loading class sun/invoke/util/ValueConversions$1
Event: 9.694 Loading class sun/invoke/util/ValueConversions$1 done
Event: 9.695 Loading class java/lang/invoke/BoundMethodHandle$Species_LI
Event: 9.695 Loading class java/lang/invoke/BoundMethodHandle$Species_LI done

Classes unloaded (6 events):
Event: 7.804 Thread 0x00000224f07eab90 Unloading class 0x00000224810e0c00 'java/lang/invoke/LambdaForm$MH+0x00000224810e0c00'
Event: 7.804 Thread 0x00000224f07eab90 Unloading class 0x00000224810e0400 'java/lang/invoke/LambdaForm$MH+0x00000224810e0400'
Event: 7.804 Thread 0x00000224f07eab90 Unloading class 0x00000224810dfc00 'java/lang/invoke/LambdaForm$MH+0x00000224810dfc00'
Event: 7.804 Thread 0x00000224f07eab90 Unloading class 0x00000224810dd400 'java/lang/invoke/LambdaForm$DMH+0x00000224810dd400'
Event: 7.804 Thread 0x00000224f07eab90 Unloading class 0x00000224810d2800 'java/lang/invoke/LambdaForm$MH+0x00000224810d2800'
Event: 7.804 Thread 0x00000224f07eab90 Unloading class 0x00000224810d2000 'java/lang/invoke/LambdaForm$MH+0x00000224810d2000'

Classes redefined (0 events):
No events

Internal exceptions (20 events):
Event: 9.503 Thread 0x00000224ddc8f840 Exception <a 'java/lang/NoSuchMethodError'{0x0000000706ace8a8}: 'int java.lang.invoke.DirectMethodHandle$Holder.invokeStaticInit(java.lang.Object, int, int)'> (0x0000000706ace8a8) 
thrown [s\src\hotspot\share\interpreter\linkResolver.cpp, line 774]
Event: 9.504 Thread 0x00000224ddc8f840 Exception <a 'java/lang/NoSuchMethodError'{0x0000000706ad5d80}: 'int java.lang.invoke.DirectMethodHandle$Holder.invokeStaticInit(java.lang.Object, long, long)'> (0x0000000706ad5d80) 
thrown [s\src\hotspot\share\interpreter\linkResolver.cpp, line 774]
Event: 9.504 Thread 0x00000224ddc8f840 Exception <a 'java/lang/NoSuchMethodError'{0x0000000706adc7f8}: 'int java.lang.invoke.DirectMethodHandle$Holder.invokeStaticInit(java.lang.Object, float, float)'> (0x0000000706adc7f8) 
thrown [s\src\hotspot\share\interpreter\linkResolver.cpp, line 774]
Event: 9.504 Thread 0x00000224ddc8f840 Exception <a 'java/lang/NoSuchMethodError'{0x0000000706ae3268}: 'int java.lang.invoke.DirectMethodHandle$Holder.invokeStaticInit(java.lang.Object, double, double)'> (0x0000000706ae3268) 
thrown [s\src\hotspot\share\interpreter\linkResolver.cpp, line 774]
Event: 9.505 Thread 0x00000224ddc8f840 Exception <a 'java/lang/NoSuchMethodError'{0x0000000706ae76e0}: 'int java.lang.invoke.DirectMethodHandle$Holder.invokeStatic(java.lang.Object, long)'> (0x0000000706ae76e0) 
thrown [s\src\hotspot\share\interpreter\linkResolver.cpp, line 774]
Event: 9.508 Thread 0x00000224ddc8f840 Exception <a 'java/lang/NoSuchMethodError'{0x0000000706b09758}: 'int java.lang.invoke.DirectMethodHandle$Holder.invokeSpecial(java.lang.Object, java.lang.Object, int)'> (0x0000000706b09758) 
thrown [s\src\hotspot\share\interpreter\linkResolver.cpp, line 774]
Event: 9.509 Thread 0x00000224ddc8f840 Exception <a 'java/lang/NoSuchMethodError'{0x0000000706b10ce0}: 'int java.lang.invoke.Invokers$Holder.linkToTargetMethod(java.lang.Object, java.lang.Object)'> (0x0000000706b10ce0) 
thrown [s\src\hotspot\share\interpreter\linkResolver.cpp, line 774]
Event: 9.527 Thread 0x00000224ddc8f840 Exception <a 'java/lang/NoSuchMethodError'{0x0000000706ba4000}: 'java.lang.Object java.lang.invoke.Invokers$Holder.invoke_MT(java.lang.Object, java.lang.Object, java.lang.Object, java.lang.Object, java.lang.Object, java.lang.Object, java.lang.Object, java.lang.Object, java.lang.Object, java.lang.Object)'> (0x0000000706ba4000) 
thrown [s\src\hotspot\share\interpreter\linkResolver.cpp, line 774]
Event: 9.532 Thread 0x00000224ddc8f840 Exception <a 'java/lang/NoSuchMethodError'{0x0000000706be0380}: 'java.lang.Object java.lang.invoke.DirectMethodHandle$Holder.invokeSpecial(java.lang.Object, java.lang.Object, int, java.lang.Object, java.lang.Object)'> (0x0000000706be0380) 
thrown [s\src\hotspot\share\interpreter\linkResolver.cpp, line 774]
Event: 9.532 Thread 0x00000224ddc8f840 Exception <a 'java/lang/NoSuchMethodError'{0x0000000706be3e10}: 'java.lang.Object java.lang.invoke.DelegatingMethodHandle$Holder.delegate(java.lang.Object, int, java.lang.Object, java.lang.Object)'> (0x0000000706be3e10) 
thrown [s\src\hotspot\share\interpreter\linkResolver.cpp, line 774]
Event: 9.533 Thread 0x00000224ddc8f840 Exception <a 'java/lang/NoSuchMethodError'{0x0000000706bf3318}: 'int java.lang.invoke.Invokers$Holder.linkToTargetMethod(java.lang.Object, java.lang.Object, java.lang.Object)'> (0x0000000706bf3318) 
thrown [s\src\hotspot\share\interpreter\linkResolver.cpp, line 774]
Event: 9.550 Thread 0x00000224ddc8f840 Exception <a 'java/lang/NoSuchMethodError'{0x00000007068658b8}: 'void java.lang.invoke.DirectMethodHandle$Holder.invokeStatic(java.lang.Object, java.lang.Object, int, int)'> (0x00000007068658b8) 
thrown [s\src\hotspot\share\interpreter\linkResolver.cpp, line 774]
Event: 9.558 Thread 0x00000224ddc8f840 Exception <a 'java/lang/NoSuchMethodError'{0x0000000706894ba0}: 'void java.lang.invoke.Invokers$Holder.invokeExact_MT(java.lang.Object, java.lang.Object, java.lang.Object)'> (0x0000000706894ba0) 
thrown [s\src\hotspot\share\interpreter\linkResolver.cpp, line 774]
Event: 9.617 Thread 0x00000224ddc8f840 Exception <a 'java/lang/NoClassDefFoundError'{0x00000007069e49e0}: org/flywaydb/core/Flyway> (0x00000007069e49e0) 
thrown [s\src\hotspot\share\classfile\systemDictionary.cpp, line 302]
Event: 9.617 Thread 0x00000224ddc8f840 Exception <a 'java/lang/NoClassDefFoundError'{0x00000007069e6998}: liquibase/integration/spring/SpringLiquibase> (0x00000007069e6998) 
thrown [s\src\hotspot\share\classfile\systemDictionary.cpp, line 302]
Event: 9.662 Thread 0x00000224ddc8f840 Exception <a 'java/lang/NoSuchMethodError'{0x0000000706712260}: 'void java.lang.invoke.DirectMethodHandle$Holder.invokeSpecial(java.lang.Object, java.lang.Object, java.lang.Object, java.lang.Object, java.lang.Object, java.lang.Object)'> (0x0000000706712260) 
thrown [s\src\hotspot\share\interpreter\linkResolver.cpp, line 774]
Event: 9.694 Thread 0x00000224ddc8f840 Exception <a 'java/lang/NoSuchMethodError'{0x000000070600f9d0}: 'void java.lang.invoke.DirectMethodHandle$Holder.invokeVirtual(java.lang.Object, java.lang.Object, int)'> (0x000000070600f9d0) 
thrown [s\src\hotspot\share\interpreter\linkResolver.cpp, line 774]
Event: 9.694 Thread 0x00000224ddc8f840 Exception <a 'java/lang/NoSuchMethodError'{0x0000000706013638}: 'int java.lang.invoke.DirectMethodHandle$Holder.invokeSpecial(java.lang.Object, java.lang.Object, java.lang.Object, int)'> (0x0000000706013638) 
thrown [s\src\hotspot\share\interpreter\linkResolver.cpp, line 774]
Event: 9.696 Thread 0x00000224ddc8f840 Exception <a 'java/lang/NoSuchMethodError'{0x0000000706025420}: 'java.lang.Object java.lang.invoke.DirectMethodHandle$Holder.invokeStatic(java.lang.Object, java.lang.Object, java.lang.Object, java.lang.Object, int)'> (0x0000000706025420) 
thrown [s\src\hotspot\share\interpreter\linkResolver.cpp, line 774]
Event: 9.697 Thread 0x00000224ddc8f840 Exception <a 'java/lang/NoSuchMethodError'{0x000000070602c8b0}: 'void java.lang.invoke.DelegatingMethodHandle$Holder.reinvoke_L(java.lang.Object, java.lang.Object, int)'> (0x000000070602c8b0) 
thrown [s\src\hotspot\share\interpreter\linkResolver.cpp, line 774]

ZGC Phase Switch (0 events):
No events

VM Operations (20 events):
Event: 8.651 Executing VM operation: HandshakeAllThreads (Deoptimize) done
Event: 9.016 Executing VM operation: G1CollectForAllocation (G1 Evacuation Pause)
Event: 9.020 Executing VM operation: G1CollectForAllocation (G1 Evacuation Pause) done
Event: 9.080 Executing VM operation: HandshakeAllThreads (Deoptimize)
Event: 9.081 Executing VM operation: HandshakeAllThreads (Deoptimize) done
Event: 9.081 Executing VM operation: HandshakeAllThreads (Deoptimize)
Event: 9.081 Executing VM operation: HandshakeAllThreads (Deoptimize) done
Event: 9.089 Executing VM operation: HandshakeAllThreads (Deoptimize)
Event: 9.089 Executing VM operation: HandshakeAllThreads (Deoptimize) done
Event: 9.229 Executing VM operation: HandshakeAllThreads (Deoptimize)
Event: 9.229 Executing VM operation: HandshakeAllThreads (Deoptimize) done
Event: 9.434 Executing VM operation: HandshakeAllThreads (Deoptimize)
Event: 9.434 Executing VM operation: HandshakeAllThreads (Deoptimize) done
Event: 9.435 Executing VM operation: HandshakeAllThreads (Deoptimize)
Event: 9.436 Executing VM operation: HandshakeAllThreads (Deoptimize) done
Event: 9.513 Executing VM operation: HandshakeAllThreads (Deoptimize)
Event: 9.513 Executing VM operation: HandshakeAllThreads (Deoptimize) done
Event: 9.519 Executing VM operation: HandshakeAllThreads (Deoptimize)
Event: 9.519 Executing VM operation: HandshakeAllThreads (Deoptimize) done
Event: 9.755 Executing VM operation: G1CollectForAllocation (G1 Evacuation Pause)

Memory protections (0 events):
No events

Nmethod flushes (0 events):
No events

Events (20 events):
Event: 6.559 Thread 0x00000224c59a8170 Thread added: 0x00000224c59844b0
Event: 6.564 Thread 0x00000224c59606f0 Thread added: 0x00000224c59889d0
Event: 6.573 Thread 0x00000224c59606f0 Thread added: 0x00000224c5b3c160
Event: 6.636 Thread 0x00000224c59844b0 Thread exited: 0x00000224c59844b0
Event: 7.147 Thread 0x00000224c59a8170 Thread added: 0x00000224c68d3890
Event: 7.156 Thread 0x00000224c68d3890 Thread exited: 0x00000224c68d3890
Event: 7.202 Thread 0x00000224ddc8f840 Thread added: 0x00000224c68e7240
Event: 7.672 Thread 0x00000224c59a8170 Thread added: 0x00000224c5be4f30
Event: 7.684 Thread 0x00000224c5be4f30 Thread exited: 0x00000224c5be4f30
Event: 7.699 Thread 0x00000224c68e7240 Thread exited: 0x00000224c68e7240
Event: 7.853 Thread 0x00000224ddc8f840 Thread added: 0x00000224c5be5c50
Event: 7.913 Thread 0x00000224c5be5c50 Thread exited: 0x00000224c5be5c50
Event: 8.195 Thread 0x00000224c59a8170 Thread added: 0x00000224c5be5c50
Event: 8.204 Thread 0x00000224c5be5c50 Thread exited: 0x00000224c5be5c50
Event: 8.717 Thread 0x00000224c59a8170 Thread added: 0x00000224c5be3b80
Event: 8.725 Thread 0x00000224c5be3b80 Thread exited: 0x00000224c5be3b80
Event: 9.228 Thread 0x00000224c59a8170 Thread added: 0x00000224c5be4210
Event: 9.236 Thread 0x00000224c5be4210 Thread exited: 0x00000224c5be4210
Event: 9.741 Thread 0x00000224c59a8170 Thread added: 0x00000224c5be4210
Event: 9.749 Thread 0x00000224c5be4210 Thread exited: 0x00000224c5be4210


Dynamic libraries:
0x00007ff776770000 - 0x00007ff77677e000 	C:\Users\user\.jdks\corretto-22.0.2\bin\java.exe
0x00007ff8426c0000 - 0x00007ff842923000 	C:\Windows\SYSTEM32\ntdll.dll
0x00007ff841810000 - 0x00007ff8418d7000 	C:\Windows\System32\KERNEL32.DLL
0x00007ff83fb00000 - 0x00007ff83fec9000 	C:\Windows\System32\KERNELBASE.dll
0x00007ff83fed0000 - 0x00007ff84001c000 	C:\Windows\System32\ucrtbase.dll
0x00007ffff1640000 - 0x00007ffff1657000 	C:\Users\user\.jdks\corretto-22.0.2\bin\jli.dll
0x00007ff841b90000 - 0x00007ff841d5a000 	C:\Windows\System32\USER32.dll
0x00007ffff15b0000 - 0x00007ffff15cb000 	C:\Users\user\.jdks\corretto-22.0.2\bin\VCRUNTIME140.dll
0x00007ff83fa10000 - 0x00007ff83fa37000 	C:\Windows\System32\win32u.dll
0x00007ff841e10000 - 0x00007ff841e3a000 	C:\Windows\System32\GDI32.dll
0x00007ff840310000 - 0x00007ff840441000 	C:\Windows\System32\gdi32full.dll
0x00007ff822410000 - 0x00007ff8226a0000 	C:\Windows\WinSxS\amd64_microsoft.windows.common-controls_6595b64144ccf1df_6.0.26100.3323_none_3e088096e3344490\COMCTL32.dll
0x00007ff83f8c0000 - 0x00007ff83f963000 	C:\Windows\System32\msvcp_win.dll
0x00007ff840eb0000 - 0x00007ff840f59000 	C:\Windows\System32\msvcrt.dll
0x00007ff841d60000 - 0x00007ff841d8f000 	C:\Windows\System32\IMM32.DLL
0x00007ff809c40000 - 0x00007ff809c4c000 	C:\Users\user\.jdks\corretto-22.0.2\bin\vcruntime140_1.dll
0x00007fffe6d30000 - 0x00007fffe6dbd000 	C:\Users\user\.jdks\corretto-22.0.2\bin\msvcp140.dll
0x00007fffaed20000 - 0x00007fffafaf1000 	C:\Users\user\.jdks\corretto-22.0.2\bin\server\jvm.dll
0x00007ff840df0000 - 0x00007ff840ea2000 	C:\Windows\System32\ADVAPI32.dll
0x00007ff8425c0000 - 0x00007ff842666000 	C:\Windows\System32\sechost.dll
0x00007ff8407a0000 - 0x00007ff8408b6000 	C:\Windows\System32\RPCRT4.dll
0x00007ff841b10000 - 0x00007ff841b84000 	C:\Windows\System32\WS2_32.dll
0x00007ff83f750000 - 0x00007ff83f79e000 	C:\Windows\SYSTEM32\POWRPROF.dll
0x00007ff835210000 - 0x00007ff835246000 	C:\Windows\SYSTEM32\WINMM.dll
0x00007ff82b180000 - 0x00007ff82b18b000 	C:\Windows\SYSTEM32\VERSION.dll
0x00007ff83f730000 - 0x00007ff83f744000 	C:\Windows\SYSTEM32\UMPDC.dll
0x00007ff83e6a0000 - 0x00007ff83e6ba000 	C:\Windows\SYSTEM32\kernel.appcore.dll
0x00007ff809b40000 - 0x00007ff809b4a000 	C:\Users\user\.jdks\corretto-22.0.2\bin\jimage.dll
0x00007ff83cde0000 - 0x00007ff83d021000 	C:\Windows\SYSTEM32\DBGHELP.DLL
0x00007ff840f60000 - 0x00007ff8412e2000 	C:\Windows\System32\combase.dll
0x00007ff840b50000 - 0x00007ff840c26000 	C:\Windows\System32\OLEAUT32.dll
0x00007ff824070000 - 0x00007ff8240a9000 	C:\Windows\SYSTEM32\dbgcore.DLL
0x00007ff83f970000 - 0x00007ff83fa09000 	C:\Windows\System32\bcryptPrimitives.dll
0x00007ff807bf0000 - 0x00007ff807bfe000 	C:\Users\user\.jdks\corretto-22.0.2\bin\instrument.dll
0x00007ffff1470000 - 0x00007ffff148e000 	C:\Users\user\.jdks\corretto-22.0.2\bin\java.dll
0x00007ff841e40000 - 0x00007ff842555000 	C:\Windows\System32\SHELL32.dll
0x00007ff840020000 - 0x00007ff840188000 	C:\Windows\System32\wintypes.dll
0x00007ff841960000 - 0x00007ff841af5000 	C:\Windows\System32\ole32.dll
0x00007ff83d560000 - 0x00007ff83dda5000 	C:\Windows\SYSTEM32\windows.storage.dll
0x00007ff8405e0000 - 0x00007ff8406cb000 	C:\Windows\System32\SHCORE.dll
0x00007ff841db0000 - 0x00007ff841e0d000 	C:\Windows\System32\shlwapi.dll
0x00007ff83f7d0000 - 0x00007ff83f7ff000 	C:\Windows\SYSTEM32\profapi.dll
0x00007ffff0670000 - 0x00007ffff0687000 	C:\Users\user\.jdks\corretto-22.0.2\bin\zip.dll
0x00007ff8088a0000 - 0x00007ff8088b0000 	C:\Users\user\.jdks\corretto-22.0.2\bin\net.dll
0x00007ff83eba0000 - 0x00007ff83ec0a000 	C:\Windows\system32\mswsock.dll
0x00007ffff0bb0000 - 0x00007ffff0bc6000 	C:\Users\user\.jdks\corretto-22.0.2\bin\nio.dll
0x00007ff83e100000 - 0x00007ff83e225000 	C:\Windows\SYSTEM32\DNSAPI.dll
0x00007ff83e0c0000 - 0x00007ff83e0f3000 	C:\Windows\SYSTEM32\IPHLPAPI.DLL
0x00007ff840de0000 - 0x00007ff840dea000 	C:\Windows\System32\NSI.dll
0x00007ff805020000 - 0x00007ff80503a000 	C:\Program Files\JetBrains\IntelliJ IDEA 2024.3\bin\breakgen64.dll
0x00007ff8327e0000 - 0x00007ff8327eb000 	C:\Windows\System32\rasadhlp.dll
0x00007ff8396b0000 - 0x00007ff839735000 	C:\Windows\System32\fwpuclnt.dll
0x00007ff819550000 - 0x00007ff819559000 	C:\Users\user\.jdks\corretto-22.0.2\bin\management.dll
0x00007ff8282b0000 - 0x00007ff8282b9000 	C:\Users\user\.jdks\corretto-22.0.2\bin\extnet.dll
0x00007ff819540000 - 0x00007ff81954b000 	C:\Users\user\.jdks\corretto-22.0.2\bin\management_ext.dll
0x00007ff841b00000 - 0x00007ff841b08000 	C:\Windows\System32\PSAPI.DLL
0x00007ff83ef50000 - 0x00007ff83ef6c000 	C:\Windows\SYSTEM32\CRYPTSP.dll
0x00007ff83e600000 - 0x00007ff83e63a000 	C:\Windows\system32\rsaenh.dll
0x00007ff83ec40000 - 0x00007ff83ec6b000 	C:\Windows\SYSTEM32\USERENV.dll
0x00007ff83f0e0000 - 0x00007ff83f106000 	C:\Windows\SYSTEM32\bcrypt.dll
0x00007ff83edd0000 - 0x00007ff83eddc000 	C:\Windows\SYSTEM32\CRYPTBASE.dll
0x00007ff820220000 - 0x00007ff820238000 	C:\Windows\system32\napinsp.dll
0x00007ff820110000 - 0x00007ff820122000 	C:\Windows\System32\winrnr.dll
0x00007ff81f9f0000 - 0x00007ff81fa12000 	C:\Windows\system32\nlansp_c.dll
0x00007ff82dca0000 - 0x00007ff82dcb6000 	C:\Windows\system32\wshbth.dll
0x00007ff823b20000 - 0x00007ff823b6e000 	C:\Windows\SYSTEM32\pdh.dll
0x00007ff828d80000 - 0x00007ff828d92000 	C:\Windows\System32\perfproc.dll
0x00007ff819da0000 - 0x00007ff819db1000 	C:\Windows\System32\perfos.dll
0x00007ff83ddd0000 - 0x00007ff83dde2000 	C:\Windows\SYSTEM32\pfclient.dll
0x00007ff8282c0000 - 0x00007ff8282ce000 	C:\Users\user\.jdks\corretto-22.0.2\bin\sunmscapi.dll
0x00007ff840190000 - 0x00007ff840307000 	C:\Windows\System32\CRYPT32.dll
0x00007ff83f0a0000 - 0x00007ff83f0d0000 	C:\Windows\SYSTEM32\ncrypt.dll
0x00007ff83f050000 - 0x00007ff83f08f000 	C:\Windows\SYSTEM32\NTASN1.dll

dbghelp: loaded successfully - version: 4.0.5 - missing functions: none
symbol engine: initialized successfully - sym options: 0x614 - pdb path: .;C:\Users\user\.jdks\corretto-22.0.2\bin;C:\Windows\SYSTEM32;C:\Windows\WinSxS\amd64_microsoft.windows.common-controls_6595b64144ccf1df_6.0.26100.3323_none_3e088096e3344490;C:\Users\user\.jdks\corretto-22.0.2\bin\server;C:\Program Files\JetBrains\IntelliJ IDEA 2024.3\bin

VM Arguments:
jvm_args: -XX:TieredStopAtLevel=1 -Dspring.output.ansi.enabled=always -Dcom.sun.management.jmxremote -Dspring.jmx.enabled=true -Dspring.liveBeansView.mbeanDomain -Dspring.application.admin.enabled=true -Dmanagement.endpoints.jmx.exposure.include=* -javaagent:C:\Program Files\JetBrains\IntelliJ IDEA 2024.3\lib\idea_rt.jar=59479:C:\Program Files\JetBrains\IntelliJ IDEA 2024.3\bin -Dfile.encoding=UTF-8 -Dsun.stdout.encoding=UTF-8 -Dsun.stderr.encoding=UTF-8 
java_command: tn.esprit.examen.SpeedyGo.SpeedyGo
java_class_path (initial): C:\Users\user\OneDrive\Desktop\PI\BackEndspeedygo\target\classes;C:\Users\user\.m2\repository\org\springframework\boot\spring-boot-starter-web\3.3.4\spring-boot-starter-web-3.3.4.jar;C:\Users\user\.m2\repository\org\springframework\boot\spring-boot-starter\3.3.4\spring-boot-starter-3.3.4.jar;C:\Users\user\.m2\repository\org\springframework\boot\spring-boot\3.3.4\spring-boot-3.3.4.jar;C:\Users\user\.m2\repository\org\springframework\boot\spring-boot-autoconfigure\3.3.4\spring-boot-autoconfigure-3.3.4.jar;C:\Users\user\.m2\repository\org\springframework\boot\spring-boot-starter-logging\3.3.4\spring-boot-starter-logging-3.3.4.jar;C:\Users\user\.m2\repository\ch\qos\logback\logback-classic\1.5.8\logback-classic-1.5.8.jar;C:\Users\user\.m2\repository\ch\qos\logback\logback-core\1.5.8\logback-core-1.5.8.jar;C:\Users\user\.m2\repository\org\apache\logging\log4j\log4j-to-slf4j\2.23.1\log4j-to-slf4j-2.23.1.jar;C:\Users\user\.m2\repository\org\apache\logging\log4j\log4j-api\2.23.1\log4j-api-2.23.1.jar;C:\Users\user\.m2\repository\org\slf4j\jul-to-slf4j\2.0.16\jul-to-slf4j-2.0.16.jar;C:\Users\user\.m2\repository\jakarta\annotation\jakarta.annotation-api\2.1.1\jakarta.annotation-api-2.1.1.jar;C:\Users\user\.m2\repository\org\yaml\snakeyaml\2.2\snakeyaml-2.2.jar;C:\Users\user\.m2\repository\org\springframework\boot\spring-boot-starter-json\3.3.4\spring-boot-starter-json-3.3.4.jar;C:\Users\user\.m2\repository\com\fasterxml\jackson\core\jackson-databind\2.17.2\jackson-databind-2.17.2.jar;C:\Users\user\.m2\repository\com\fasterxml\jackson\core\jackson-annotations\2.17.2\jackson-annotations-2.17.2.jar;C:\Users\user\.m2\repository\com\fasterxml\jackson\datatype\jackson-datatype-jdk8\2.17.2\jackson-datatype-jdk8-2.17.2.jar;C:\Users\user\.m2\repository\com\fasterxml\jackson\datatype\jackson-datatype-jsr310\2.17.2\jackson-datatype-jsr310-2.17.2.jar;C:\Users\user\.m2\repository\com\fasterxml\jackson\module\jackson-module-parameter-names\2.17.2\jackson-module-parameter-names-2.17.2.jar;C:\Users\user\.m2\repository\org\springframework\boot\spring-boot-starter-tomcat\3.3.4\spring-boot-starter-tomcat-3.3.4.jar;C:\Users\user\.m2\repository\org\apache\tomcat\embed\tomcat-embed-core\10.1.30\tomcat-embed-core-10.1.30.jar;C:\Users\user\.m2\repository\org\apache\tomcat\embed\tomcat-embed-el\10.1.30\tomcat-embed-el-10.1.30.jar;C:\Users\user\.m2\repository\org\apache\tomcat\embed\tomcat-embed-websocket\10.1.30\tomcat-embed-websocket-10.1.30.jar;C:\Users\user\.m2\repository\org\springframework\spring-web\6.1.13\spring-web-6.1.13.jar;C:\Users\user\.m2\repository\org\springframework\spring-beans\6.1.13\spring-beans-6.1.13.jar;C:\Users\user\.m2\repository\io\micrometer\micrometer-observation\1.13.4\micrometer-observation-1.13.4.jar;C:\Users\user\.m2\repository\io\micrometer\micrometer-commons\1.13.4\micrometer-commons-1.13.4.jar;C:\Users\user\.m2\repository\org\springframework\spring-webmvc\6.1.13\spring-webmvc-6.1.13.jar;C:\Users\user\.m2\repository\org\springframework\spring-context\6.1.13\spring-context-6.1.13.jar;C:\Users\user\.m2\repository\org\springframework\spring-expression\6.1.13\spring-expression-6.1.13.jar;C:\Users\user\.m2\repository\org\aspectj\aspectjweaver\1.9.19\aspectjweaver-1.9.19.jar;C:\Users\user\.m2\repository\org\springframework\boot\spring-boot-starter-data-mongodb\3.3.4\spring-boot-starter-data-mongodb-3.3.4.jar;C:\Users\user\.m2\repository\org\mongodb\mongodb-driver-sync\5.0.1\mongodb-driver-sync-5.0.1.jar;C:\Users\user\.m2\repository\org\mongodb\bson\5.0.1\bson-5.0.1.jar;C:\Users\user\.m2\repository\org\mongodb\mongodb-driver-core\5.0.1\mongodb-driver-core-5.0.1.jar;C:\Users\user\.m2\repository\org\mongodb\bson-record-codec\5.0.1\bson-record-codec-5.0.1.jar;C:\Users\user\.m2\repository\org\springframework\data\spring-data-mongodb\4.3.4\spring-data-mongodb-4.3.4.jar;C:\Users\user\.m2\repository\org\springframework\spring-tx\6.1.13\spring-tx-6.1.13.jar;C:\Users\user\.m2\repository\org\springframework\data\spring-data-commons\3.3.4\spring-data-commons-3.3.4.jar;C:\Users\user\.m2\repository\org\slf4j\slf4j-api\2.0.16\slf4j-api-2.0.16.jar;C:\Users\user\.m2\repository\org\springdoc\springdoc-openapi-starter-webmvc-ui\2.1.0\springdoc-openapi-starter-webmvc-ui-2.1.0.jar;C:\Users\user\.m2\repository\org\springdoc\springdoc-openapi-starter-webmvc-api\2.1.0\springdoc-openapi-starter-webmvc-api-2.1.0.jar;C:\Users\user\.m2\repository\org\springdoc\springdoc-openapi-starter-common\2.1.0\springdoc-openapi-starter-common-2.1.0.jar;C:\Users\user\.m2\repository\io\swagger\core\v3\swagger-core-jakarta\2.2.9\swagger-core-jakarta-2.2.9.jar;C:\Users\user\.m2\repository\org\apache\commons\commons-lang3\3.14.0\commons-lang3-3.14.0.jar;C:\Users\user\.m2\repository\io\swagger\core\v3\swagger-annotations-jakarta\2.2.9\swagger-annotations-jakarta-2.2.9.jar;C:\Users\user\.m2\repository\io\swagger\core\v3\swagger-models-jakarta\2.2.9\swagger-models-jakarta-2.2.9.jar;C:\Users\user\.m2\repository\jakarta\validation\jakarta.validation-api\3.0.2\jakarta.validation-api-3.0.2.jar;C:\Users\user\.m2\repository\com\fasterxml\jackson\dataformat\jackson-dataformat-yaml\2.17.2\jackson-dataformat-yaml-2.17.2.jar;C:\Users\user\.m2\repository\org\webjars\swagger-ui\4.18.2\swagger-ui-4.18.2.jar;C:\Users\user\.m2\repository\org\projectlombok\lombok\1.18.34\lombok-1.18.34.jar;C:\Users\user\.m2\repository\jakarta\xml\bind\jakarta.xml.bind-api\4.0.2\jakarta.xml.bind-api-4.0.2.jar;C:\Users\user\.m2\repository\jakarta\activation\jakarta.activation-api\2.1.3\jakarta.activation-api-2.1.3.jar;C:\Users\user\.m2\repository\net\minidev\json-smart\2.5.1\json-smart-2.5.1.jar;C:\Users\user\.m2\repository\net\minidev\accessors-smart\2.5.1\accessors-smart-2.5.1.jar;C:\Users\user\.m2\repository\org\ow2\asm\asm\9.6\asm-9.6.jar;C:\Users\user\.m2\repository\org\springframework\spring-core\6.1.13\spring-core-6.1.13.jar;C:\Users\user\.m2\repository\org\springframework\spring-jcl\6.1.13\spring-jcl-6.1.13.jar;C:\Users\user\.m2\repository\org\springdoc\springdoc-openapi-ui\1.6.15\springdoc-openapi-ui-1.6.15.jar;C:\Users\user\.m2\repository\org\springdoc\springdoc-openapi-webmvc-core\1.6.15\springdoc-openapi-webmvc-core-1.6.15.jar;C:\Users\user\.m2\repository\org\springdoc\springdoc-openapi-common\1.6.15\springdoc-openapi-common-1.6.15.jar;C:\Users\user\.m2\repository\io\swagger\core\v3\swagger-core\2.2.8\swagger-core-2.2.8.jar;C:\Users\user\.m2\repository\io\swagger\core\v3\swagger-annotations\2.2.8\swagger-annotations-2.2.8.jar;C:\Users\user\.m2\repository\io\swagger\core\v3\swagger-models\2.2.8\swagger-models-2.2.8.jar;C:\Users\user\.m2\repository\org\webjars\webjars-locator-core\0.58\webjars-locator-core-0.58.jar;C:\Users\user\.m2\repository\com\fasterxml\jackson\core\jackson-core\2.17.2\jackson-core-2.17.2.jar;C:\Users\user\.m2\repository\io\github\classgraph\classgraph\4.8.149\classgraph-4.8.149.jar;C:\Users\user\.m2\repository\org\springframework\boot\spring-boot-starter-security\3.3.4\spring-boot-starter-security-3.3.4.jar;C:\Users\user\.m2\repository\org\springframework\spring-aop\6.1.13\spring-aop-6.1.13.jar;C:\Users\user\.m2\repository\org\springframework\security\spring-security-config\6.3.3\spring-security-config-6.3.3.jar;C:\Users\user\.m2\repository\org\springframework\security\spring-security-web\6.3.3\spring-security-web-6.3.3.jar;C:\Users\user\.m2\repository\org\springframework\boot\spring-boot-starter-oauth2-resource-server\3.3.4\spring-boot-starter-oauth2-resource-server-3.3.4.jar;C:\Users\user\.m2\repository\org\springframework\security\spring-security-core\6.3.3\spring-security-core-6.3.3.jar;C:\Users\user\.m2\repository\org\springframework\security\spring-security-crypto\6.3.3\spring-security-crypto-6.3.3.jar;C:\Users\user\.m2\repository\org\springframework\security\spring-security-oauth2-resource-server\6.3.3\spring-security-oauth2-resource-server-6.3.3.jar;C:\Users\user\.m2\repository\org\springframework\security\spring-security-oauth2-core\6.3.3\spring-security-oauth2-core-6.3.3.jar;C:\Users\user\.m2\repository\org\springframework\security\spring-security-oauth2-jose\6.3.3\spring-security-oauth2-jose-6.3.3.jar;C:\Users\user\.m2\repository\com\nimbusds\nimbus-jose-jwt\9.37.3\nimbus-jose-jwt-9.37.3.jar;C:\Users\user\.m2\repository\com\github\stephenc\jcip\jcip-annotations\1.0-1\jcip-annotations-1.0-1.jar;C:\Users\user\.m2\repository\org\springframework\boot\spring-boot-starter-oauth2-client\3.3.4\spring-boot-starter-oauth2-client-3.3.4.jar;C:\Users\user\.m2\repository\org\springframework\security\spring-security-oauth2-client\6.3.3\spring-security-oauth2-client-6.3.3.jar;C:\Users\user\.m2\repository\com\nimbusds\oauth2-oidc-sdk\9.43.4\oauth2-oidc-sdk-9.43.4.jar;C:\Users\user\.m2\repository\com\nimbusds\content-type\2.2\content-type-2.2.jar;C:\Users\user\.m2\repository\com\nimbusds\lang-tag\1.7\lang-tag-1.7.jar;C:\Users\user\.m2\repository\javax\javaee-api\6.0\javaee-api-6.0.jar
Launcher Type: SUN_STANDARD

[Global flags]
     intx CICompilerCount                          = 4                                         {product} {ergonomic}
     uint ConcGCThreads                            = 3                                         {product} {ergonomic}
     uint G1ConcRefinementThreads                  = 10                                        {product} {ergonomic}
   size_t G1HeapRegionSize                         = 2097152                                   {product} {ergonomic}
   size_t InitialHeapSize                          = 264241152                                 {product} {ergonomic}
     bool ManagementServer                         = true                                      {product} {command line}
   size_t MarkStackSize                            = 4194304                                   {product} {ergonomic}
   size_t MaxHeapSize                              = 4217372672                                {product} {ergonomic}
   size_t MaxNewSize                               = 2529165312                                {product} {ergonomic}
   size_t MinHeapDeltaBytes                        = 2097152                                   {product} {ergonomic}
   size_t MinHeapSize                              = 8388608                                   {product} {ergonomic}
    uintx NonNMethodCodeHeapSize                   = 4096                                   {pd product} {ergonomic}
    uintx NonProfiledCodeHeapSize                  = 0                                      {pd product} {ergonomic}
     bool ProfileInterpreter                       = false                                  {pd product} {command line}
    uintx ProfiledCodeHeapSize                     = 0                                      {pd product} {ergonomic}
   size_t SoftMaxHeapSize                          = 4217372672                             {manageable} {ergonomic}
     intx TieredStopAtLevel                        = 1                                         {product} {command line}
     bool UseCompressedOops                        = true                           {product lp64_product} {ergonomic}
     bool UseG1GC                                  = true                                      {product} {ergonomic}
     bool UseLargePagesIndividualAllocation        = false                                  {pd product} {ergonomic}

Logging:
Log output configuration:
 #0: stdout all=warning uptime,level,tags foldmultilines=false
 #1: stderr all=off uptime,level,tags foldmultilines=false

Environment Variables:
PATH=C:\Program Files\Common Files\Oracle\Java\javapath;C:\Program Files (x86)\VMware\VMware Workstation\bin\;C:\Windows\system32;C:\Windows;C:\Windows\System32\Wbem;C:\Windows\System32\WindowsPowerShell\v1.0\;C:\Windows\System32\OpenSSH\;C:\Program Files\dotnet\;C:\Program Files\Git\cmd;C:\xampp\php;C:\composer;C:\Program Files\nodejs\;C:\Program Files\Microsoft SQL Server\150\Tools\Binn\;C:\Program Files\Microsoft SQL Server\Client SDK\ODBC\170\Tools\Binn\;C:\Users\user\scoop\shims;C:\Users\user\AppData\Local\Microsoft\WindowsApps;C:\Program Files\JetBrains\IntelliJ IDEA 2024.3\bin;;C:\Users\user\AppData\Local\Programs\Microsoft VS Code\bin;C:\Users\user\.dotnet\tools;C:\Users\user\AppData\Roaming\Composer\vendor\bin;C:\Users\user\AppData\Roaming\npm;C:\Users\user\AppData\Local\Programs\mongosh\;C:\Program Files\JetBrains\WebStorm 2024.3.3\bin;;C:\Program Files (x86)\GnuWin32\bin;
USERNAME=user
OS=Windows_NT
PROCESSOR_IDENTIFIER=Intel64 Family 6 Model 186 Stepping 3, GenuineIntel
TMP=C:\Users\user\AppData\Local\Temp
TEMP=C:\Users\user\AppData\Local\Temp




Periodic native trim disabled

---------------  S Y S T E M  ---------------

OS:
 Windows 11 , 64 bit Build 26100 (10.0.26100.3323)
OS uptime: 1 days 23:34 hours
Hyper-V role detected

CPU: total 12 (initial active 12) (6 cores per cpu, 2 threads per core) family 6 model 186 stepping 3 microcode 0x4121, cx8, cmov, fxsr, ht, mmx, 3dnowpref, sse, sse2, sse3, ssse3, sse4.1, sse4.2, popcnt, lzcnt, tsc, tscinvbit, avx, avx2, aes, erms, clmul, bmi1, bmi2, adx, sha, fma, vzeroupper, clflush, clflushopt, clwb, hv, serialize, rdtscp, rdpid, fsrm, f16c, cet_ibt, cet_ss
Processor Information for processor 0
  Max Mhz: 1300, Current Mhz: 1300, Mhz Limit: 1300
Processor Information for processor 1
  Max Mhz: 1300, Current Mhz: 1300, Mhz Limit: 1300
Processor Information for processor 2
  Max Mhz: 1300, Current Mhz: 1300, Mhz Limit: 1300
Processor Information for processor 3
  Max Mhz: 1300, Current Mhz: 1300, Mhz Limit: 1300
Processor Information for processor 4
  Max Mhz: 1300, Current Mhz: 900, Mhz Limit: 897
Processor Information for processor 5
  Max Mhz: 1300, Current Mhz: 900, Mhz Limit: 897
Processor Information for processor 6
  Max Mhz: 1300, Current Mhz: 900, Mhz Limit: 897
Processor Information for processor 7
  Max Mhz: 1300, Current Mhz: 900, Mhz Limit: 897
Processor Information for processor 8
  Max Mhz: 1300, Current Mhz: 900, Mhz Limit: 897
Processor Information for processor 9
  Max Mhz: 1300, Current Mhz: 900, Mhz Limit: 897
Processor Information for processor 10
  Max Mhz: 1300, Current Mhz: 900, Mhz Limit: 897
Processor Information for processor 11
  Max Mhz: 1300, Current Mhz: 900, Mhz Limit: 897

Memory: 4k page, system-wide physical 16087M (3557M free)
TotalPageFile size 21719M (AvailPageFile size 6931M)
current process WorkingSet (physical memory assigned to process): 148M, peak: 148M
current process commit charge ("private bytes"): 194M, peak: 387M

vm_info: OpenJDK 64-Bit Server VM (22.0.2+9-FR) for windows-amd64 JRE (22.0.2+9-FR), built on 2024-07-09T01:10:09Z by "Administrator" with MS VC++ 16.10 / 16.11 (VS2019)

END.
